<<<<<<< HEAD
<<<<<<< HEAD
=======
>>>>>>> f6aaeee0b7fad6dfecdfb4fac63f4fc763b9abb5
﻿Build started 31/07/2024 16:58:58.
     1>Project "E:\LuuDuLieuSinhVien\2001210210_LeNgocDinhTri\Bai1\Bai1\Bai1.vcxproj" on node 2 (Build target(s)).
     1>ClCompile:
         C:\Program Files (x86)\Microsoft Visual Studio 12.0\VC\bin\CL.exe /c /ZI /nologo /W3 /WX- /Od /Oy- /D WIN32 /D _DEBUG /D _CONSOLE /D _LIB /D _UNICODE /D UNICODE /Gm /EHsc /RTC1 /MDd /GS /fp:precise /Zc:wchar_t /Zc:forScope /Fo"Debug\\" /Fd"Debug\vc120.pdb" /Gd /TP /analyze- /errorReport:prompt Bai1.1.cpp Bai1.2.cpp
         Bai1.2.cpp
     1>e:\luudulieusinhvien\2001210210_lengocdinhtri\bai1\bai1\bai1.2.cpp(26): warning C4996: 'scanf': This function or variable may be unsafe. Consider using scanf_s instead. To disable deprecation, use _CRT_SECURE_NO_WARNINGS. See online help for details.
                 c:\program files (x86)\microsoft visual studio 12.0\vc\include\stdio.h(283) : see declaration of 'scanf'
         Bai1.1.cpp
         Generating Code...
       Link:
         C:\Program Files (x86)\Microsoft Visual Studio 12.0\VC\bin\link.exe /ERRORREPORT:PROMPT /OUT:"E:\LuuDuLieuSinhVien\2001210210_LeNgocDinhTri\Bai1\Debug\Bai1.exe" /INCREMENTAL /NOLOGO kernel32.lib user32.lib gdi32.lib winspool.lib comdlg32.lib advapi32.lib shell32.lib ole32.lib oleaut32.lib uuid.lib odbc32.lib odbccp32.lib /MANIFEST /MANIFESTUAC:"level='asInvoker' uiAccess='false'" /manifest:embed /DEBUG /PDB:"E:\LuuDuLieuSinhVien\2001210210_LeNgocDinhTri\Bai1\Debug\Bai1.pdb" /SUBSYSTEM:CONSOLE /TLBID:1 /DYNAMICBASE /NXCOMPAT /IMPLIB:"E:\LuuDuLieuSinhVien\2001210210_LeNgocDinhTri\Bai1\Debug\Bai1.lib" /MACHINE:X86 Debug\Bai1.1.obj
         Debug\Bai1.2.obj
         Bai1.vcxproj -> E:\LuuDuLieuSinhVien\2001210210_LeNgocDinhTri\Bai1\Debug\Bai1.exe
     1>Done Building Project "E:\LuuDuLieuSinhVien\2001210210_LeNgocDinhTri\Bai1\Bai1\Bai1.vcxproj" (Build target(s)).

Build succeeded.

Time Elapsed 00:00:01.18
<<<<<<< HEAD
=======
﻿Build started 8/6/2024 11:11:32 PM.
     1>Project "D:\download\THKTLT_text\Bai1\Bai1\Bai1.vcxproj" on node 2 (Build target(s)).
     1>ClCompile:
         D:\download\visual studio 2013\VC\bin\CL.exe /c /ZI /nologo /W3 /WX- /Od /Oy- /D WIN32 /D _DEBUG /D _CONSOLE /D _LIB /D _UNICODE /D UNICODE /Gm /EHsc /RTC1 /MDd /GS /fp:precise /Zc:wchar_t /Zc:forScope /Fo"Debug\\" /Fd"Debug\vc120.pdb" /Gd /TP /analyze- /errorReport:prompt Bai1.3.cpp
         Bai1.3.cpp
     1>d:\download\thktlt_text\bai1\bai1\bai1.3.cpp(18): warning C4996: 'scanf': This function or variable may be unsafe. Consider using scanf_s instead. To disable deprecation, use _CRT_SECURE_NO_WARNINGS. See online help for details.
                 d:\download\visual studio 2013\vc\include\stdio.h(283) : see declaration of 'scanf'
       Link:
         D:\download\visual studio 2013\VC\bin\link.exe /ERRORREPORT:PROMPT /OUT:"D:\download\THKTLT_text\Bai1\Debug\Bai1.exe" /INCREMENTAL /NOLOGO kernel32.lib user32.lib gdi32.lib winspool.lib comdlg32.lib advapi32.lib shell32.lib ole32.lib oleaut32.lib uuid.lib odbc32.lib odbccp32.lib /MANIFEST /MANIFESTUAC:"level='asInvoker' uiAccess='false'" /manifest:embed /DEBUG /PDB:"D:\download\THKTLT_text\Bai1\Debug\Bai1.pdb" /SUBSYSTEM:CONSOLE /TLBID:1 /DYNAMICBASE /NXCOMPAT /IMPLIB:"D:\download\THKTLT_text\Bai1\Debug\Bai1.lib" /MACHINE:X86 Debug\Bai1.3.obj
         Bai1.vcxproj -> D:\download\THKTLT_text\Bai1\Debug\Bai1.exe
     1>Done Building Project "D:\download\THKTLT_text\Bai1\Bai1\Bai1.vcxproj" (Build target(s)).

Build succeeded.

Time Elapsed 00:00:01.09
>>>>>>> e7f4813 (finish Bai1.3_BTTL)
=======
>>>>>>> f6aaeee0b7fad6dfecdfb4fac63f4fc763b9abb5
